<?xml version="1.0" encoding="UTF-8"?>
<!-- Generated by org.testng.reporters.JUnitReportReporter -->
<testsuite hostname="LAPTOP-3CF66GBG" failures="0" tests="1" name="com.satwa.tests.MyLogger" time="0.048" errors="0" timestamp="2022-10-11T23:46:27 IST" skipped="0">
  <testcase classname="com.satwa.tests.MyLogger" name="main" time="0.048"/>
  <system-out/>
</testsuite> <!-- com.satwa.tests.MyLogger -->
