<?xml version="1.0" encoding="UTF-8"?>
<!-- Generated by org.testng.reporters.JUnitReportReporter -->
<testsuite hostname="LAPTOP-3CF66GBG" failures="0" tests="1" name="com.satwa.tests.WorkingWIthExternalFiles" time="0.811" errors="0" timestamp="2022-09-14T19:35:49 IST" skipped="0">
  <testcase classname="com.satwa.tests.WorkingWIthExternalFiles" name="readFromExcel" time="0.811"/>
  <system-out/>
</testsuite> <!-- com.satwa.tests.WorkingWIthExternalFiles -->
