<?xml version="1.0" encoding="UTF-8"?>
<!-- Generated by org.testng.reporters.JUnitReportReporter -->
<testsuite hostname="LAPTOP-3CF66GBG" failures="0" tests="2" name="com.satwa.tests.AnnotationsInTestNg" time="0.018" errors="0" timestamp="2022-09-05T20:05:03 IST" skipped="0">
  <testcase classname="com.satwa.tests.AnnotationsInTestNg" name="sampleTestCase" time="0.016"/>
  <system-out/>
  <testcase classname="com.satwa.tests.AnnotationsInTestNg" name="testCase2" time="0.002"/>
  <system-out/>
</testsuite> <!-- com.satwa.tests.AnnotationsInTestNg -->
