<?xml version="1.0" encoding="UTF-8"?>
<!-- Generated by org.testng.reporters.JUnitReportReporter -->
<testsuite hostname="LAPTOP-3CF66GBG" failures="0" tests="1" name="com.satwa.tests.Logs" time="0.027" errors="0" timestamp="2022-10-11T23:31:48 IST" skipped="0">
  <testcase classname="com.satwa.tests.Logs" name="logs" time="0.027"/>
  <system-out/>
</testsuite> <!-- com.satwa.tests.Logs -->
