<?xml version="1.0" encoding="UTF-8"?>
<!-- Generated by org.testng.reporters.JUnitReportReporter -->
<testsuite hostname="LAPTOP-3CF66GBG" failures="0" tests="1" name="Logss" time="0.027" errors="0" timestamp="2022-10-11T23:27:04 IST" skipped="0">
  <testcase classname="Logss" name="logs" time="0.027"/>
  <system-out/>
</testsuite> <!-- Logss -->
