<?xml version="1.0" encoding="UTF-8"?>
<!-- Generated by org.testng.reporters.JUnitReportReporter -->
<testsuite hostname="LAPTOP-3CF66GBG" failures="0" tests="5" name="org.samplealluri.java.SampleTestCase" time="0.077" errors="0" timestamp="2022-08-27T11:53:02 IST" skipped="0">
  <testcase classname="org.samplealluri.java.SampleTestCase" name="testThree" time="0.003"/>
  <system-out/>
  <testcase classname="org.samplealluri.java.SampleTestCase" name="testFive" time="0.066"/>
  <system-out/>
  <testcase classname="org.samplealluri.java.SampleTestCase" name="testOne" time="0.003"/>
  <system-out/>
  <testcase classname="org.samplealluri.java.SampleTestCase" name="testFour" time="0.003"/>
  <system-out/>
  <testcase classname="org.samplealluri.java.SampleTestCase" name="testTwo" time="0.002"/>
  <system-out/>
</testsuite> <!-- org.samplealluri.java.SampleTestCase -->
